<?xml version="1.0" encoding="UTF-8"?>
<!-- Generated by org.testng.reporters.JUnitReportReporter -->
<testsuite hostname="anurags-MacBook-Air.local" failures="0" tests="1" name="crudOperaion.GetCallWithAssertion" time="3.605" errors="0" timestamp="2024-04-29T23:10:40 IST" skipped="0">
  <testcase classname="crudOperaion.GetCallWithAssertion" name="test_get" time="3.605"/>
  <system-out/>
</testsuite> <!-- crudOperaion.GetCallWithAssertion -->
