<?xml version="1.0" encoding="UTF-8"?>
<!-- Generated by org.testng.reporters.JUnitReportReporter -->
<testsuite hostname="anurags-MacBook-Air.local" failures="0" tests="1" name="crudOperaion.PutPatchDelete" time="2.901" errors="0" timestamp="2024-04-21T22:11:53 IST" skipped="0">
  <testcase classname="crudOperaion.PutPatchDelete" name="test_delete" time="2.901"/>
  <system-out/>
</testsuite> <!-- crudOperaion.PutPatchDelete -->
