<?xml version="1.0" encoding="UTF-8"?>
<!-- Generated by org.testng.reporters.JUnitReportReporter -->
<testsuite hostname="anurags-MacBook-Air.local" failures="0" tests="1" name="crudOperaion.PutPatchDelete" time="2.672" errors="0" timestamp="2024-04-23T18:09:57 IST" skipped="0">
  <testcase classname="crudOperaion.PutPatchDelete" name="test_patch" time="2.672"/>
  <system-out/>
</testsuite> <!-- crudOperaion.PutPatchDelete -->
