<?xml version="1.0" encoding="UTF-8"?>
<!-- Generated by org.testng.reporters.JUnitReportReporter -->
<testsuite hostname="anurags-MacBook-Air.local" failures="0" tests="1" name="crudOperaion.JsonClass" time="3.368" errors="0" timestamp="2024-04-29T11:16:18 IST" skipped="0">
  <testcase classname="crudOperaion.JsonClass" name="test_put" time="3.368"/>
  <system-out/>
</testsuite> <!-- crudOperaion.JsonClass -->
