<?xml version="1.0" encoding="UTF-8"?>
<!-- Generated by org.testng.reporters.JUnitReportReporter -->
<testsuite hostname="anurags-MacBook-Air.local" failures="0" tests="5" name="crudOperaion.GetMethod" time="6.393" errors="0" timestamp="2024-04-21T21:59:54 IST" skipped="0">
  <testcase classname="crudOperaion.GetMethod" name="test_3" time="1.332"/>
  <system-out/>
  <testcase classname="crudOperaion.GetMethod" name="test_Post" time="1.084"/>
  <system-out/>
  <testcase classname="crudOperaion.GetMethod" name="getMethod" time="2.496"/>
  <system-out/>
  <testcase classname="crudOperaion.GetMethod" name="test_2" time="0.668"/>
  <system-out/>
  <testcase classname="crudOperaion.GetMethod" name="test_header" time="0.813"/>
  <system-out/>
</testsuite> <!-- crudOperaion.GetMethod -->
